  Ubiorbitapi_r2_loader.cpp
d:\github code projects\cpp\ubiorbitapi_r2_loader\ubiorbitapi_r2_loader\orbit\savegameinfo.hpp(8): warning C4251: 'mg::orbitclient::SavegameInfo::name_': class 'std::basic_string<wchar_t,std::char_traits<wchar_t>,std::allocator<wchar_t>>' needs to have dll-interface to be used by clients of struct 'mg::orbitclient::SavegameInfo'
  c:\program files (x86)\microsoft visual studio\2017\professional\vc\tools\msvc\14.15.26726\include\xstring(4374): note: see declaration of 'std::basic_string<wchar_t,std::char_traits<wchar_t>,std::allocator<wchar_t>>'
d:\github code projects\cpp\ubiorbitapi_r2_loader\ubiorbitapi_r2_loader\orbit\savegamewriter.hpp(12): warning C4251: 'mg::orbitclient::SavegameWriter::fs_': class 'std::basic_fstream<char,std::char_traits<char>>' needs to have dll-interface to be used by clients of struct 'mg::orbitclient::SavegameWriter'
  c:\program files (x86)\microsoft visual studio\2017\professional\vc\tools\msvc\14.15.26726\include\iosfwd(627): note: see declaration of 'std::basic_fstream<char,std::char_traits<char>>'
d:\github code projects\cpp\ubiorbitapi_r2_loader\ubiorbitapi_r2_loader\orbit\savegamewriter.hpp(13): warning C4251: 'mg::orbitclient::SavegameWriter::filePath_': class 'std::filesystem::path' needs to have dll-interface to be used by clients of struct 'mg::orbitclient::SavegameWriter'
  c:\program files (x86)\microsoft visual studio\2017\professional\vc\tools\msvc\14.15.26726\include\filesystem(739): note: see declaration of 'std::filesystem::path'
d:\github code projects\cpp\ubiorbitapi_r2_loader\ubiorbitapi_r2_loader\orbit\savegamewriter.hpp(64): warning C4244: 'argument': conversion from 'const std::streamoff' to 'unsigned int', possible loss of data
d:\github code projects\cpp\ubiorbitapi_r2_loader\ubiorbitapi_r2_loader\orbit\savegamereader.hpp(8): warning C4251: 'mg::orbitclient::SavegameReader::fs_': class 'std::basic_fstream<char,std::char_traits<char>>' needs to have dll-interface to be used by clients of struct 'mg::orbitclient::SavegameReader'
  c:\program files (x86)\microsoft visual studio\2017\professional\vc\tools\msvc\14.15.26726\include\iosfwd(627): note: see declaration of 'std::basic_fstream<char,std::char_traits<char>>'
d:\github code projects\cpp\ubiorbitapi_r2_loader\ubiorbitapi_r2_loader\orbit\savegamereader.hpp(9): warning C4251: 'mg::orbitclient::SavegameReader::filePath_': class 'std::filesystem::path' needs to have dll-interface to be used by clients of struct 'mg::orbitclient::SavegameReader'
  c:\program files (x86)\microsoft visual studio\2017\professional\vc\tools\msvc\14.15.26726\include\filesystem(739): note: see declaration of 'std::filesystem::path'
d:\github code projects\cpp\ubiorbitapi_r2_loader\ubiorbitapi_r2_loader\orbit\orbitclient.hpp(24): warning C4251: 'mg::orbitclient::OrbitClient::requestUniqueId_': struct 'std::atomic<int>' needs to have dll-interface to be used by clients of struct 'mg::orbitclient::OrbitClient'
  c:\program files (x86)\microsoft visual studio\2017\professional\vc\tools\msvc\14.15.26726\include\xxatomic(162): note: see declaration of 'std::atomic<int>'
  dllmain.cpp
  Generating Code...
  Ubiorbitapi_r2_loader.vcxproj -> D:\Github Code Projects\Cpp\Ubiorbitapi_r2_loader\Debug\Ubiorbitapi_r2_loader.dll
  Invalid number of parameters
C:\Program Files (x86)\Microsoft Visual Studio\2017\Professional\Common7\IDE\VC\VCTargets\Microsoft.CppCommon.targets(138,5): error MSB3073: The command "xcopy /y D:\Github Code Projects\Cpp\Ubiorbitapi_r2_loader\Ubiorbitapi_r2_loader\Orbit.json D:\Github Code Projects\Cpp\Ubiorbitapi_r2_loader\Debug\
C:\Program Files (x86)\Microsoft Visual Studio\2017\Professional\Common7\IDE\VC\VCTargets\Microsoft.CppCommon.targets(138,5): error MSB3073: :VCEnd" exited with code 4.
