d:\github\ubiorbitapi_r2_loader\ubiorbitapi_r2_loader\debug\ubiorbitapi_r2_loader.pch
d:\github\ubiorbitapi_r2_loader\ubiorbitapi_r2_loader\debug\vc141.pdb
d:\github\ubiorbitapi_r2_loader\ubiorbitapi_r2_loader\debug\vc141.idb
d:\github\ubiorbitapi_r2_loader\ubiorbitapi_r2_loader\debug\stdafx.obj
d:\github\ubiorbitapi_r2_loader\ubiorbitapi_r2_loader\debug\dllmain.obj
d:\github\ubiorbitapi_r2_loader\ubiorbitapi_r2_loader\debug\ubiorbitapi_r2_loader.obj
d:\github\ubiorbitapi_r2_loader\debug\ubiorbitapi_r2_loader.ilk
d:\github\ubiorbitapi_r2_loader\debug\ubiorbitapi_r2_loader.dll
d:\github\ubiorbitapi_r2_loader\debug\ubiorbitapi_r2_loader.pdb
d:\github\ubiorbitapi_r2_loader\debug\ubiorbitapi_r2_loader.lib
d:\github\ubiorbitapi_r2_loader\debug\ubiorbitapi_r2_loader.exp
d:\github\ubiorbitapi_r2_loader\ubiorbitapi_r2_loader\debug\vcpkg.applocal.log
d:\github\ubiorbitapi_r2_loader\ubiorbitapi_r2_loader\debug\ubiorbit.a8d442ca.tlog\cl.command.1.tlog
d:\github\ubiorbitapi_r2_loader\ubiorbitapi_r2_loader\debug\ubiorbit.a8d442ca.tlog\cl.read.1.tlog
d:\github\ubiorbitapi_r2_loader\ubiorbitapi_r2_loader\debug\ubiorbit.a8d442ca.tlog\cl.write.1.tlog
d:\github\ubiorbitapi_r2_loader\ubiorbitapi_r2_loader\debug\ubiorbit.a8d442ca.tlog\link.command.1.tlog
d:\github\ubiorbitapi_r2_loader\ubiorbitapi_r2_loader\debug\ubiorbit.a8d442ca.tlog\link.delete.1.tlog
d:\github\ubiorbitapi_r2_loader\ubiorbitapi_r2_loader\debug\ubiorbit.a8d442ca.tlog\link.read.1.tlog
d:\github\ubiorbitapi_r2_loader\ubiorbitapi_r2_loader\debug\ubiorbit.a8d442ca.tlog\link.write.1.tlog
d:\github\ubiorbitapi_r2_loader\ubiorbitapi_r2_loader\debug\ubiorbit.a8d442ca.tlog\ubiorbitapi_r2_loader.write.1u.tlog
